1614390677395	geckodriver	INFO	Listening on 127.0.0.1:64136
1614390680439	mozrunner::runner	INFO	Running command: "S:\\Programs\\Browsers\\Mozilla Firefox\\firefox.exe" "--marionette" "-foreground" "-no-remote" "-profile" "C:\\Users\\fmore\\AppData\\Local\\Temp\\rust_mozprofileUG7CN6"
console.warn: SearchSettings: "get: No settings file exists, new profile?" (new Error("", "(unknown module)"))
JavaScript error: resource://activity-stream/lib/ActivityStreamPrefs.jsm, line 27: NS_ERROR_ILLEGAL_VALUE: Component returned failure code: 0x80070057 (NS_ERROR_ILLEGAL_VALUE) [nsIPrefBranch.removeObserver]
JavaScript error: resource://activity-stream/lib/ASRouterNewTabHook.jsm, line 61: TypeError: this._router is null
console.error: Region.jsm: "Error fetching region" (new TypeError("NetworkError when attempting to fetch resource.", ""))
console.error: Region.jsm: "Failed to fetch region" (new Error("NO_RESULT", "resource://gre/modules/Region.jsm", 422))
*** UTM:SVC TimerManager:registerTimer called after profile-before-change notification. Ignoring timer registration for id: region-update-timer
console.log: "RemoteSettingsWorker error: Error: Can't import when we've started shutting down."
JavaScript error: resource://activity-stream/lib/PlacesFeed.jsm, line 194: NS_ERROR_UNEXPECTED: Component returned failure code: 0x8000ffff (NS_ERROR_UNEXPECTED) [nsINavHistoryService.addObserver]
JavaScript error: resource://gre/modules/ExtensionSettingsStore.jsm, line 122: Error: The ExtensionSettingsStore was accessed before the initialize promise resolved.
console.log: "RemoteSettingsWorker error: Error: Can't import when we've started shutting down."
console.log: "RemoteSettingsWorker error: Error: Can't import when we've started shutting down."
console.error: "Could not load engine google@search.mozilla.org: [Exception... \"AddonManager is not initialized\"  nsresult: \"0xc1f30001 (NS_ERROR_NOT_INITIALIZED)\"  location: \"JS frame :: resource://gre/modules/AddonManager.jsm :: installBuiltinAddon :: line 2550\"  data: no]"
console.error: "Could not load engine wikipedia@search.mozilla.org: [Exception... \"AddonManager is not initialized\"  nsresult: \"0xc1f30001 (NS_ERROR_NOT_INITIALIZED)\"  location: \"JS frame :: resource://gre/modules/AddonManager.jsm :: installBuiltinAddon :: line 2550\"  data: no]"
console.error: "Could not load engine mercadolivre@search.mozilla.org: [Exception... \"AddonManager is not initialized\"  nsresult: \"0xc1f30001 (NS_ERROR_NOT_INITIALIZED)\"  location: \"JS frame :: resource://gre/modules/AddonManager.jsm :: installBuiltinAddon :: line 2550\"  data: no]"
console.error: "Could not load engine bing@search.mozilla.org: [Exception... \"AddonManager is not initialized\"  nsresult: \"0xc1f30001 (NS_ERROR_NOT_INITIALIZED)\"  location: \"JS frame :: resource://gre/modules/AddonManager.jsm :: installBuiltinAddon :: line 2550\"  data: no]"
console.error: "Could not load engine ddg@search.mozilla.org: [Exception... \"AddonManager is not initialized\"  nsresult: \"0xc1f30001 (NS_ERROR_NOT_INITIALIZED)\"  location: \"JS frame :: resource://gre/modules/AddonManager.jsm :: installBuiltinAddon :: line 2550\"  data: no]"
console.warn: SearchService: "_init: abandoning init due to shutting down"
JavaScript error: , line 0: uncaught exception: 2147500036
JavaScript error: , line 0: uncaught exception: 2147500036
JavaScript error: , line 0: uncaught exception: 2147500036
JavaScript error: , line 0: uncaught exception: 2147500036
JavaScript error: , line 0: AbortError: A request was aborted, for example through a call to IDBTransaction.abort.

###!!! [Child][RunMessage] Error: Channel closing: too late to send/recv, messages will be lost

1614390743961	geckodriver	INFO	Listening on 127.0.0.1:64202
1614390747012	mozrunner::runner	INFO	Running command: "S:\\Programs\\Browsers\\Mozilla Firefox\\firefox.exe" "--marionette" "-foreground" "-no-remote" "-profile" "C:\\Users\\fmore\\AppData\\Local\\Temp\\rust_mozprofile38lo1f"
console.warn: SearchSettings: "get: No settings file exists, new profile?" (new Error("", "(unknown module)"))
1614390753526	Marionette	INFO	Listening on port 64210
1614390754060	Marionette	WARN	TLS certificate errors will be ignored for this session
1614390754089	Marionette	ERROR	[15] No reply from Marionette:Register
1614390755213	Marionette	ERROR	[23] No reply from Marionette:Register
console.warn: SearchSettings: "get: No settings file exists, new profile?" (new Error("", "(unknown module)"))
1614390769719	Marionette	ERROR	[35] No reply from Marionette:Register
1614390813794	Marionette	ERROR	[37] No reply from Marionette:Register
JavaScript error: https://www.instagram.com/static/bundles/es6/Consumer.js/36a13fa28fd8.js, line 898: TypeError: this.props is undefined
1614391017776	Marionette	INFO	Stopped listening on port 64210

###!!! [Child][RunMessage] Error: Channel closing: too late to send/recv, messages will be lost

1614399682714	geckodriver	INFO	Listening on 127.0.0.1:64891
1614399685719	mozrunner::runner	INFO	Running command: "S:\\Programs\\Browsers\\Mozilla Firefox\\firefox.exe" "--marionette" "-foreground" "-no-remote" "-profile" "C:\\Users\\fmore\\AppData\\Local\\Temp\\rust_mozprofile5TwUqb"
console.warn: SearchSettings: "get: No settings file exists, new profile?" (new Error("", "(unknown module)"))
1614399713522	Marionette	INFO	Listening on port 64899
1614399713765	Marionette	WARN	TLS certificate errors will be ignored for this session
1614399713912	Marionette	ERROR	[18] No reply from Marionette:Register
console.warn: SearchSettings: "get: No settings file exists, new profile?" (new Error("", "(unknown module)"))
1614399717337	Marionette	ERROR	[33] No reply from Marionette:Register
1614399737291	Marionette	ERROR	[35] No reply from Marionette:Register
1614399750420	Marionette	ERROR	[37] No reply from Marionette:Register
1614399872548	Marionette	INFO	Stopped listening on port 64899
1614400034587	geckodriver	INFO	Listening on 127.0.0.1:65029
1614400037692	mozrunner::runner	INFO	Running command: "S:\\Programs\\Browsers\\Mozilla Firefox\\firefox.exe" "--marionette" "-foreground" "-no-remote" "-profile" "C:\\Users\\fmore\\AppData\\Local\\Temp\\rust_mozprofilePspYh6"
console.warn: SearchSettings: "get: No settings file exists, new profile?" (new Error("", "(unknown module)"))
1614400050210	Marionette	INFO	Listening on port 65038
1614400050513	Marionette	WARN	TLS certificate errors will be ignored for this session
1614400050574	Marionette	ERROR	[15] No reply from Marionette:Register
1614400051419	Marionette	ERROR	[23] No reply from Marionette:Register
console.warn: SearchSettings: "get: No settings file exists, new profile?" (new Error("", "(unknown module)"))
1614400066091	Marionette	ERROR	[35] No reply from Marionette:Register
1614400088701	Marionette	ERROR	[37] No reply from Marionette:Register
1614400223404	Marionette	INFO	Stopped listening on port 65038

###!!! [Child][RunMessage] Error: Channel closing: too late to send/recv, messages will be lost


###!!! [Child][MessageChannel] Error: (msgtype=0x5F0005,name=PImageBridge::Msg_WillClose) Channel error: cannot send/recv

1614400237539	geckodriver	INFO	Listening on 127.0.0.1:65136
1614400240650	mozrunner::runner	INFO	Running command: "S:\\Programs\\Browsers\\Mozilla Firefox\\firefox.exe" "--marionette" "-foreground" "-no-remote" "-profile" "C:\\Users\\fmore\\AppData\\Local\\Temp\\rust_mozprofileYuMMPr"
console.warn: SearchSettings: "get: No settings file exists, new profile?" (new Error("", "(unknown module)"))
1614400251790	Marionette	INFO	Listening on port 65144
1614400251972	Marionette	WARN	TLS certificate errors will be ignored for this session
1614400252006	Marionette	ERROR	[15] No reply from Marionette:Register
1614400252772	Marionette	ERROR	[23] No reply from Marionette:Register
console.warn: SearchSettings: "get: No settings file exists, new profile?" (new Error("", "(unknown module)"))
1614400264673	Marionette	ERROR	[35] No reply from Marionette:Register
1614400281238	Marionette	ERROR	[37] No reply from Marionette:Register

###!!! [Child][MessageChannel] Error: (msgtype=0x5B0005,name=PHttpChannel::Msg_Cancel) Channel closing: too late to send/recv, messages will be lost


###!!! [Child][MessageChannel] Error: (msgtype=0x5B000A,name=PHttpChannel::Msg_DeletingChannel) Channel closing: too late to send/recv, messages will be lost

1614400404028	Marionette	INFO	Stopped listening on port 65144

###!!! [Child][RunMessage] Error: Channel closing: too late to send/recv, messages will be lost

